# JRE version: Java(TM) SE Runtime Environment (24.0.2+12) (build 24.0.2+12-54)
# Java VM: Java HotSpot(TM) 64-Bit Server VM (24.0.2+12-54, mixed mode, emulated-client, sharing, tiered, compressed oops, compressed class ptrs, g1 gc, windows-amd64)
GC Precious Log:
 CardTable entry size: 512
 Card Set container configuration: InlinePtr #cards 4 size 8 Array Of Cards #cards 16 size 48 Howl #buckets 8 coarsen threshold 3686 Howl Bitmap #cards 512 size 80 coarsen threshold 460 Card regions per heap region 1 cards per card region 4096
 CPUs: 12 total, 12 available
 Memory: 14181M
 Large Page Support: Disabled
 NUMA Support: Disabled
 Compressed Oops: Enabled (Zero based)
 Heap Region Size: 2M
 Heap Min Capacity: 8M
 Heap Initial Capacity: 222M
 Heap Max Capacity: 3546M
 Pre-touch: Disabled
 Parallel Workers: 10
 Concurrent Workers: 3
 Concurrent Refinement Workers: 10
 Periodic GC: Disabled
Heap:
 garbage-first heap   total reserved 3631104K, committed 151552K, used 58031K [0x0000000722600000, 0x0000000800000000)
  region size 2048K, 10 young (20480K), 2 survivors (4096K)
 Metaspace       used 84721K, committed 85504K, reserved 1179648K
  class space    used 9660K, committed 9984K, reserved 1048576K
GC Heap History (20 events):
Event: 92.138 GC heap after
{Heap after GC invocations=19 (full 1):
 garbage-first heap   total reserved 3631104K, committed 75776K, used 29181K [0x0000000722600000, 0x0000000800000000)
  region size 2048K, 0 young (0K), 0 survivors (0K)
 Metaspace       used 81162K, committed 82304K, reserved 1179648K
  class space    used 9117K, committed 9536K, reserved 1048576K
}
Event: 92.804 GC heap before
{Heap before GC invocations=19 (full 1):
 garbage-first heap   total reserved 3631104K, committed 75776K, used 63997K [0x0000000722600000, 0x0000000800000000)
  region size 2048K, 17 young (34816K), 0 survivors (0K)
 Metaspace       used 81213K, committed 82304K, reserved 1179648K
  class space    used 9128K, committed 9536K, reserved 1048576K
}
Event: 92.809 GC heap after
{Heap after GC invocations=20 (full 1):
 garbage-first heap   total reserved 3631104K, committed 75776K, used 33062K [0x0000000722600000, 0x0000000800000000)
  region size 2048K, 2 young (4096K), 2 survivors (4096K)
 Metaspace       used 81213K, committed 82304K, reserved 1179648K
  class space    used 9128K, committed 9536K, reserved 1048576K
}
Event: 93.235 GC heap before
{Heap before GC invocations=21 (full 1):
 garbage-first heap   total reserved 3631104K, committed 75776K, used 61734K [0x0000000722600000, 0x0000000800000000)
  region size 2048K, 16 young (32768K), 2 survivors (4096K)
 Metaspace       used 81313K, committed 82304K, reserved 1179648K
  class space    used 9156K, committed 9536K, reserved 1048576K
}
Event: 93.240 GC heap after
{Heap after GC invocations=22 (full 1):
 garbage-first heap   total reserved 3631104K, committed 75776K, used 35160K [0x0000000722600000, 0x0000000800000000)
  region size 2048K, 2 young (4096K), 2 survivors (4096K)
 Metaspace       used 81313K, committed 82304K, reserved 1179648K
  class space    used 9156K, committed 9536K, reserved 1048576K
}
Event: 94.171 GC heap before
{Heap before GC invocations=22 (full 1):
 garbage-first heap   total reserved 3631104K, committed 75776K, used 59736K [0x0000000722600000, 0x0000000800000000)
  region size 2048K, 14 young (28672K), 2 survivors (4096K)
 Metaspace       used 81559K, committed 82368K, reserved 1179648K
  class space    used 9191K, committed 9536K, reserved 1048576K
}
Event: 94.176 GC heap after
{Heap after GC invocations=23 (full 1):
 garbage-first heap   total reserved 3631104K, committed 75776K, used 38707K [0x0000000722600000, 0x0000000800000000)
  region size 2048K, 2 young (4096K), 2 survivors (4096K)
 Metaspace       used 81559K, committed 82368K, reserved 1179648K
  class space    used 9191K, committed 9536K, reserved 1048576K
}
Event: 95.136 GC heap before
{Heap before GC invocations=23 (full 1):
 garbage-first heap   total reserved 3631104K, committed 75776K, used 63283K [0x0000000722600000, 0x0000000800000000)
  region size 2048K, 14 young (28672K), 2 survivors (4096K)
 Metaspace       used 82351K, committed 83200K, reserved 1179648K
  class space    used 9274K, committed 9664K, reserved 1048576K
}
Event: 95.141 GC heap after
{Heap after GC invocations=24 (full 1):
 garbage-first heap   total reserved 3631104K, committed 75776K, used 41774K [0x0000000722600000, 0x0000000800000000)
  region size 2048K, 2 young (4096K), 2 survivors (4096K)
 Metaspace       used 82351K, committed 83200K, reserved 1179648K
  class space    used 9274K, committed 9664K, reserved 1048576K
}
Event: 210.552 GC heap before
{Heap before GC invocations=25 (full 1):
 garbage-first heap   total reserved 3631104K, committed 75776K, used 58158K [0x0000000722600000, 0x0000000800000000)
  region size 2048K, 12 young (24576K), 2 survivors (4096K)
 Metaspace       used 84559K, committed 85376K, reserved 1179648K
  class space    used 9651K, committed 9984K, reserved 1048576K
}
Event: 210.676 GC heap after
{Heap after GC invocations=26 (full 2):
 garbage-first heap   total reserved 3631104K, committed 75776K, used 33741K [0x0000000722600000, 0x0000000800000000)
  region size 2048K, 0 young (0K), 0 survivors (0K)
 Metaspace       used 84549K, committed 85376K, reserved 1179648K
  class space    used 9649K, committed 9984K, reserved 1048576K
}
Event: 211.329 GC heap before
{Heap before GC invocations=26 (full 2):
 garbage-first heap   total reserved 3631104K, committed 75776K, used 62413K [0x0000000722600000, 0x0000000800000000)
  region size 2048K, 14 young (28672K), 0 survivors (0K)
 Metaspace       used 84559K, committed 85376K, reserved 1179648K
  class space    used 9652K, committed 9984K, reserved 1048576K
}
Event: 211.332 GC heap after
{Heap after GC invocations=27 (full 2):
 garbage-first heap   total reserved 3631104K, committed 75776K, used 36741K [0x0000000722600000, 0x0000000800000000)
  region size 2048K, 2 young (4096K), 2 survivors (4096K)
 Metaspace       used 84559K, committed 85376K, reserved 1179648K
  class space    used 9652K, committed 9984K, reserved 1048576K
}
Event: 211.716 GC heap before
{Heap before GC invocations=28 (full 2):
 garbage-first heap   total reserved 3631104K, committed 75776K, used 59269K [0x0000000722600000, 0x0000000800000000)
  region size 2048K, 14 young (28672K), 2 survivors (4096K)
 Metaspace       used 84415K, committed 85376K, reserved 1179648K
  class space    used 9608K, committed 9984K, reserved 1048576K
}
Event: 211.720 GC heap after
{Heap after GC invocations=29 (full 2):
 garbage-first heap   total reserved 3631104K, committed 75776K, used 38767K [0x0000000722600000, 0x0000000800000000)
  region size 2048K, 2 young (4096K), 2 survivors (4096K)
 Metaspace       used 84415K, committed 85376K, reserved 1179648K
  class space    used 9608K, committed 9984K, reserved 1048576K
}
Event: 212.103 GC heap before
{Heap before GC invocations=29 (full 2):
 garbage-first heap   total reserved 3631104K, committed 75776K, used 59247K [0x0000000722600000, 0x0000000800000000)
  region size 2048K, 12 young (24576K), 2 survivors (4096K)
 Metaspace       used 84487K, committed 85376K, reserved 1179648K
  class space    used 9628K, committed 9984K, reserved 1048576K
}
Event: 212.107 GC heap after
{Heap after GC invocations=30 (full 2):
 garbage-first heap   total reserved 3631104K, committed 75776K, used 39374K [0x0000000722600000, 0x0000000800000000)
  region size 2048K, 1 young (2048K), 1 survivors (2048K)
 Metaspace       used 84487K, committed 85376K, reserved 1179648K
  class space    used 9628K, committed 9984K, reserved 1048576K
}
Event: 213.173 GC heap before
{Heap before GC invocations=30 (full 2):
 garbage-first heap   total reserved 3631104K, committed 75776K, used 65998K [0x0000000722600000, 0x0000000800000000)
  region size 2048K, 14 young (28672K), 1 survivors (2048K)
 Metaspace       used 84664K, committed 85504K, reserved 1179648K
  class space    used 9645K, committed 9984K, reserved 1048576K
}
Event: 213.177 GC heap after
{Heap after GC invocations=31 (full 2):
 garbage-first heap   total reserved 3631104K, committed 178176K, used 43695K [0x0000000722600000, 0x0000000800000000)
  region size 2048K, 2 young (4096K), 2 survivors (4096K)
 Metaspace       used 84664K, committed 85504K, reserved 1179648K
  class space    used 9645K, committed 9984K, reserved 1048576K
}
Event: 214.626 GC heap before
{Heap before GC invocations=32 (full 2):
 garbage-first heap   total reserved 3631104K, committed 151552K, used 58031K [0x0000000722600000, 0x0000000800000000)
  region size 2048K, 10 young (20480K), 2 survivors (4096K)
 Metaspace       used 84721K, committed 85504K, reserved 1179648K
  class space    used 9660K, committed 9984K, reserved 1048576K
}

